INFO:root:ADD: 20 + 10 = 30
INFO:root:SUB: 20 - 10 = 10
INFO:root:MUL: 20 * 10 = 200
INFO:root:DIV: 20 / 10 = 2.0
INFO:root:ADD: 20 + 10 = 30
INFO:root:SUB: 20 - 10 = 10
INFO:root:MUL: 20 * 10 = 200
INFO:root:DIV: 20 / 10 = 2.0
INFO:root:ADD: 20 + 10 = 30
INFO:root:SUB: 20 - 10 = 10
INFO:root:MUL: 20 * 10 = 200
WARNING:root:DIV: 20 / 10 = 2.0
INFO:root:SUB: 20 - 10 = 10
WARNING:root:MUL: 20 * 10 = 200
CRITICAL:root:DIV: 20 / 10 = 2.0
INFO:root:SUB: 20 - 10 = 10
WARNING:root:MUL: 20 * 10 = 200
CRITICAL:root:DIV: 20 / 10 = 2.0
2018-08-10 15:18:07,245:DEBUG:5:ADD: 30 + 10 = 40
2018-08-10 15:18:07,246:INFO:8:SUB: 30 - 10 = 20
2018-08-10 15:18:07,247:WARNING:11:MUL: 30 * 10 = 300
2018-08-10 15:18:07,247:CRITICAL:14:DIV: 30 / 10 = 3.0
